2019-07-06 15:23:06 +0000 [MT] Initial pipeline context: <IDEDistributionProcessingPipelineContext: 0x7f9b3f1ee2e0; archive(resolved)='<IDEArchive: 0x7f9b3f120e80>', distributionTask(resolved)='2', distributionDestination(resolved)='1', distributionMethod(resolved)='<IDEDistributionMethodiOSAppStoreDistribution: 0x7f9b3f13f5d0>', team(resolved)='<IDEProvisioningBasicTeam: 0x7f9b3f157200; teamID='5YY4QLF92X', teamName='(null)'>'>
	Chain (11, self inclusive):
	<IDEDistributionProcessingPipelineContext: 0x7f9b3f1ee2e0; archive = '<IDEArchive: 0x7f9b3f120e80>', distributionMethod='<IDEDistributionMethodiOSAppStoreDistribution: 0x7f9b3f13f5d0>', team='<IDEProvisioningBasicTeam: 0x7f9b3f157200; teamID='5YY4QLF92X', teamName='(null)'>'>
	<IDEDistributionProcessingPipelineContext: 0x7f9b3f1ec5a0; archive = '<IDEArchive: 0x7f9b3f120e80>', distributionMethod='<IDEDistributionMethodiOSAppStoreDistribution: 0x7f9b3f13f5d0>', team='<IDEProvisioningBasicTeam: 0x7f9b3f157200; teamID='5YY4QLF92X', teamName='(null)'>'>
	<IDEDistributionContext: 0x7f9b3f1dc9c0; archive = '<IDEArchive: 0x7f9b3f120e80>', distributionMethod='<IDEDistributionMethodiOSAppStoreDistribution: 0x7f9b3f13f5d0>', team='<IDEProvisioningBasicTeam: 0x7f9b3f157200; teamID='5YY4QLF92X', teamName='(null)'>'>
	<IDEDistributionContext: 0x7f9b3f1cd650; archive = '<IDEArchive: 0x7f9b3f120e80>', distributionMethod='<IDEDistributionMethodiOSAppStoreDistribution: 0x7f9b3f13f5d0>', team='<IDEProvisioningBasicTeam: 0x7f9b3f157200; teamID='5YY4QLF92X', teamName='(null)'>'>
	<IDEDistributionContext: 0x7f9b3f1cb9e0; archive = '<IDEArchive: 0x7f9b3f120e80>', distributionMethod='<IDEDistributionMethodiOSAppStoreDistribution: 0x7f9b3f13f5d0>', team='<IDEProvisioningBasicTeam: 0x7f9b3f157200; teamID='5YY4QLF92X', teamName='(null)'>'>
	<IDEDistributionContext: 0x7f9b3f1c66c0; archive = '<IDEArchive: 0x7f9b3f120e80>', distributionMethod='<IDEDistributionMethodiOSAppStoreDistribution: 0x7f9b3f13f5d0>', team='<IDEProvisioningBasicTeam: 0x7f9b3f157200; teamID='5YY4QLF92X', teamName='(null)'>'>
	<IDEDistributionContext: 0x7f9b3f193920; archive = '<IDEArchive: 0x7f9b3f120e80>', distributionMethod='<IDEDistributionMethodiOSAppStoreDistribution: 0x7f9b3f13f5d0>', team='<IDEProvisioningBasicTeam: 0x7f9b3f157200; teamID='5YY4QLF92X', teamName='(null)'>'>
	<IDEDistributionContext: 0x7f9b3f1947e0; archive = '<IDEArchive: 0x7f9b3f120e80>', distributionMethod='<IDEDistributionMethodiOSAppStoreDistribution: 0x7f9b3f13f5d0>', team='<IDEProvisioningBasicTeam: 0x7f9b3f157200; teamID='5YY4QLF92X', teamName='(null)'>'>
	<IDEDistributionContext: 0x7f9b3f151260; archive = '<IDEArchive: 0x7f9b3f120e80>', distributionMethod='<IDEDistributionMethodiOSAppStoreDistribution: 0x7f9b3f13f5d0>', team='<IDEProvisioningBasicTeam: 0x7f9b3f157200; teamID='5YY4QLF92X', teamName='(null)'>'>
	<IDEDistributionContext: 0x7f9b3e8530a0; archive = '<IDEArchive: 0x7f9b3f120e80>', distributionMethod='<IDEDistributionMethodiOSAppStoreDistribution: 0x7f9b3f13f5d0>', team='(null)'>
	<IDEDistributionContext: 0x7f9b3f121920; archive = '<IDEArchive: 0x7f9b3f120e80>', distributionMethod='(null)', team='(null)'>
</IDEDistributionProcessingPipelineContext: 0x7f9b3f1ee2e0>
2019-07-06 15:23:06 +0000 [MT] Processing step: IDEDistributionCreateDestRootStep
2019-07-06 15:23:06 +0000 [MT] Processing step: IDEDistributionCopyItemStep
2019-07-06 15:23:06 +0000 [MT] Running /usr/bin/ditto '-V' '/Users/larpoux/projmac/mi_corazon/corona_plugin/ios/build/MiCorazon.xcarchive/Products/Applications/MiCorazonApp.app' '/var/folders/kl/6zzl36vs0jd_vl5gbjclfhyw0000gq/T/XcodeDistPipeline.~~~o8P1pL/Root/Payload/MiCorazonApp.app'
2019-07-06 15:23:06 +0000  >>> Copying /Users/larpoux/projmac/mi_corazon/corona_plugin/ios/build/MiCorazon.xcarchive/Products/Applications/MiCorazonApp.app 
2019-07-06 15:23:06 +0000  copying file ./AppIcon20x20@2x.png ... 
2019-07-06 15:23:06 +0000  608 bytes for ./AppIcon20x20@2x.png
copying file ./AppIcon29x29@2x.png ... 
2019-07-06 15:23:06 +0000  919 bytes for ./AppIcon29x29@2x.png
copying file ./AppIcon29x29@3x.png ... 
2019-07-06 15:23:06 +0000  1601 bytes for ./AppIcon29x29@3x.png
copying file ./AppIcon40x40@2x.png ... 
2019-07-06 15:23:06 +0000  1429 bytes for ./AppIcon40x40@2x.png
copying file ./AppIcon60x60@2x.png ... 
2019-07-06 15:23:06 +0000  2055 bytes for ./AppIcon60x60@2x.png
copying file ./AppIcon60x60@3x.png ... 
2019-07-06 15:23:06 +0000  3292 bytes for ./AppIcon60x60@3x.png
2019-07-06 15:23:06 +0000  copying file ./AppIcon76x76@2x~ipad.png ... 
2019-07-06 15:23:06 +0000  2805 bytes for ./AppIcon76x76@2x~ipad.png
copying file ./AppIcon76x76~ipad.png ... 
2019-07-06 15:23:06 +0000  1376 bytes for ./AppIcon76x76~ipad.png
copying file ./AppIcon83.5x83.5@2x~ipad.png ... 
2019-07-06 15:23:06 +0000  2902 bytes for ./AppIcon83.5x83.5@2x~ipad.png
copying file ./Assets.car ... 
2019-07-06 15:23:06 +0000  236520 bytes for ./Assets.car
copying file ./Corona3rdPartyLicenses.txt ... 
2019-07-06 15:23:06 +0000  74639 bytes for ./Corona3rdPartyLicenses.txt
2019-07-06 15:23:06 +0000  copying file ./CoronaResources.bundle/Info.plist ... 
2019-07-06 15:23:06 +0000  1105 bytes for ./CoronaResources.bundle/Info.plist
copying file ./CoronaResources.bundle/widget_theme_android.png ... 
2019-07-06 15:23:06 +0000  25930 bytes for ./CoronaResources.bundle/widget_theme_android.png
copying file ./CoronaResources.bundle/widget_theme_android@2x.png ... 
2019-07-06 15:23:06 +0000  58732 bytes for ./CoronaResources.bundle/widget_theme_android@2x.png
copying file ./CoronaResources.bundle/widget_theme_android_holo_dark.png ... 
2019-07-06 15:23:06 +0000  9658 bytes for ./CoronaResources.bundle/widget_theme_android_holo_dark.png
copying file ./CoronaResources.bundle/widget_theme_android_holo_dark@2x.png ... 
2019-07-06 15:23:06 +0000  22692 bytes for ./CoronaResources.bundle/widget_theme_android_holo_dark@2x.png
2019-07-06 15:23:06 +0000  copying file ./CoronaResources.bundle/widget_theme_android_holo_dark@4x.png ... 
2019-07-06 15:23:06 +0000  55806 bytes for ./CoronaResources.bundle/widget_theme_android_holo_dark@4x.png
copying file ./CoronaResources.bundle/widget_theme_android_holo_light.png ... 
2019-07-06 15:23:06 +0000  9692 bytes for ./CoronaResources.bundle/widget_theme_android_holo_light.png
2019-07-06 15:23:06 +0000  copying file ./CoronaResources.bundle/widget_theme_android_holo_light@2x.png ... 
2019-07-06 15:23:06 +0000  23099 bytes for ./CoronaResources.bundle/widget_theme_android_holo_light@2x.png
copying file ./CoronaResources.bundle/widget_theme_android_holo_light@4x.png ... 
2019-07-06 15:23:06 +0000  55656 bytes for ./CoronaResources.bundle/widget_theme_android_holo_light@4x.png
copying file ./CoronaResources.bundle/widget_theme_ios.png ... 
2019-07-06 15:23:06 +0000  36451 bytes for ./CoronaResources.bundle/widget_theme_ios.png
copying file ./CoronaResources.bundle/widget_theme_ios7.png ... 
2019-07-06 15:23:06 +0000  17581 bytes for ./CoronaResources.bundle/widget_theme_ios7.png
copying file ./CoronaResources.bundle/widget_theme_ios7@2x.png ... 
2019-07-06 15:23:06 +0000  50866 bytes for ./CoronaResources.bundle/widget_theme_ios7@2x.png
copying file ./CoronaResources.bundle/widget_theme_ios7@4x.png ... 
2019-07-06 15:23:06 +0000  145505 bytes for ./CoronaResources.bundle/widget_theme_ios7@4x.png
copying file ./CoronaResources.bundle/widget_theme_ios@2x.png ... 
2019-07-06 15:23:06 +0000  79620 bytes for ./CoronaResources.bundle/widget_theme_ios@2x.png
2019-07-06 15:23:06 +0000  copying file ./CoronaResources.bundle/widget_theme_onOff_mask.png ... 
2019-07-06 15:23:06 +0000  608 bytes for ./CoronaResources.bundle/widget_theme_onOff_mask.png
copying file ./CoronaResources.bundle/widget_theme_onOff_mask_android_holo.png ... 
2019-07-06 15:23:06 +0000  144 bytes for ./CoronaResources.bundle/widget_theme_onOff_mask_android_holo.png
copying file ./CoronaResources.bundle/widget_theme_pickerWheel_mask.png ... 
2019-07-06 15:23:06 +0000  865 bytes for ./CoronaResources.bundle/widget_theme_pickerWheel_mask.png
2019-07-06 15:23:06 +0000  copying file ./Icon-hdpi.png ... 
2019-07-06 15:23:06 +0000  983 bytes for ./Icon-hdpi.png
copying file ./Icon-ldpi.png ... 
2019-07-06 15:23:06 +0000  425 bytes for ./Icon-ldpi.png
copying file ./Icon-mdpi.png ... 
2019-07-06 15:23:06 +0000  534 bytes for ./Icon-mdpi.png
copying file ./Icon-xhdpi.png ... 
2019-07-06 15:23:06 +0000  1149 bytes for ./Icon-xhdpi.png
copying file ./Icon-xxhdpi.png ... 
2019-07-06 15:23:06 +0000  1928 bytes for ./Icon-xxhdpi.png
copying file ./Icon-xxxhdpi.png ... 
2019-07-06 15:23:06 +0000  2526 bytes for ./Icon-xxxhdpi.png
2019-07-06 15:23:06 +0000  copying file ./Icon.png ... 
2019-07-06 15:23:06 +0000  583 bytes for ./Icon.png
2019-07-06 15:23:06 +0000  copying file ./Images.xcassets/AppIcon.appiconset/Contents.json ... 
2019-07-06 15:23:06 +0000  2043 bytes for ./Images.xcassets/AppIcon.appiconset/Contents.json
copying file ./Images.xcassets/AppIcon.appiconset/Icon-1024.png ... 
2019-07-06 15:23:06 +0000  24523 bytes for ./Images.xcassets/AppIcon.appiconset/Icon-1024.png
copying file ./Images.xcassets/AppIcon.appiconset/Icon-120.png ... 
2019-07-06 15:23:06 +0000  2055 bytes for ./Images.xcassets/AppIcon.appiconset/Icon-120.png
2019-07-06 15:23:06 +0000  copying file ./Images.xcassets/AppIcon.appiconset/Icon-152.png ... 
2019-07-06 15:23:06 +0000  2805 bytes for ./Images.xcassets/AppIcon.appiconset/Icon-152.png
copying file ./Images.xcassets/AppIcon.appiconset/Icon-167.png ... 
2019-07-06 15:23:06 +0000  2902 bytes for ./Images.xcassets/AppIcon.appiconset/Icon-167.png
2019-07-06 15:23:06 +0000  copying file ./Images.xcassets/AppIcon.appiconset/Icon-180.png ... 
2019-07-06 15:23:06 +0000  3292 bytes for ./Images.xcassets/AppIcon.appiconset/Icon-180.png
copying file ./Images.xcassets/AppIcon.appiconset/Icon-40.png ... 
2019-07-06 15:23:06 +0000  608 bytes for ./Images.xcassets/AppIcon.appiconset/Icon-40.png
copying file ./Images.xcassets/AppIcon.appiconset/Icon-58.png ... 
2019-07-06 15:23:06 +0000  919 bytes for ./Images.xcassets/AppIcon.appiconset/Icon-58.png
copying file ./Images.xcassets/AppIcon.appiconset/Icon-76.png ... 
2019-07-06 15:23:06 +0000  1376 bytes for ./Images.xcassets/AppIcon.appiconset/Icon-76.png
copying file ./Images.xcassets/AppIcon.appiconset/Icon-80.png ... 
2019-07-06 15:23:06 +0000  1429 bytes for ./Images.xcassets/AppIcon.appiconset/Icon-80.png
2019-07-06 15:23:06 +0000  copying file ./Images.xcassets/AppIcon.appiconset/Icon-87.png ... 
2019-07-06 15:23:06 +0000  1601 bytes for ./Images.xcassets/AppIcon.appiconset/Icon-87.png
copying file ./Images.xcassets/Contents.json ... 
2019-07-06 15:23:06 +0000  67 bytes for ./Images.xcassets/Contents.json
copying file ./Info.plist ... 
2019-07-06 15:23:06 +0000  1893 bytes for ./Info.plist
2019-07-06 15:23:06 +0000  copying file ./LaunchScreen.storyboardc/01J-lp-oVM-view-Ze5-6b-2t3.nib ... 
2019-07-06 15:23:06 +0000  1792 bytes for ./LaunchScreen.storyboardc/01J-lp-oVM-view-Ze5-6b-2t3.nib
copying file ./LaunchScreen.storyboardc/Info.plist ... 
2019-07-06 15:23:06 +0000  258 bytes for ./LaunchScreen.storyboardc/Info.plist
copying file ./LaunchScreen.storyboardc/UIViewController-01J-lp-oVM.nib ... 
2019-07-06 15:23:06 +0000  832 bytes for ./LaunchScreen.storyboardc/UIViewController-01J-lp-oVM.nib
copying file ./LaunchScreen.storyboardc/designable.storyboard ... 
2019-07-06 15:23:06 +0000  1903 bytes for ./LaunchScreen.storyboardc/designable.storyboard
2019-07-06 15:23:06 +0000  copying file ./MainWindow-iPad.nib ... 
2019-07-06 15:23:06 +0000  1008 bytes for ./MainWindow-iPad.nib
copying file ./MainWindow.nib ... 
2019-07-06 15:23:06 +0000  1008 bytes for ./MainWindow.nib
2019-07-06 15:23:06 +0000  copying file ./MiCorazonApp ... 
2019-07-06 15:23:06 +0000  4641968 bytes for ./MiCorazonApp
2019-07-06 15:23:06 +0000  copying file ./PkgInfo ... 
2019-07-06 15:23:06 +0000  8 bytes for ./PkgInfo
2019-07-06 15:23:06 +0000  copying file ./_CodeSignature/CodeResources ... 
2019-07-06 15:23:06 +0000  20834 bytes for ./_CodeSignature/CodeResources
2019-07-06 15:23:06 +0000  copying file ./_CoronaSplashScreen.png ... 
2019-07-06 15:23:06 +0000  20329 bytes for ./_CoronaSplashScreen.png
copying file ./embedded.mobileprovision ... 
2019-07-06 15:23:06 +0000  7708 bytes for ./embedded.mobileprovision
2019-07-06 15:23:06 +0000  copying file ./en.lproj/MiCorazonInfoPlist.strings ... 
2019-07-06 15:23:06 +0000  42 bytes for ./en.lproj/MiCorazonInfoPlist.strings
2019-07-06 15:23:06 +0000  copying file ./resource.corona-archive ... 
2019-07-06 15:23:06 +0000  7468 bytes for ./resource.corona-archive
2019-07-06 15:23:06 +0000 [MT] /usr/bin/ditto exited with 0
2019-07-06 15:23:06 +0000 [MT] Processing step: IDEDistributionEmbedProfileStep
2019-07-06 15:23:06 +0000 [MT] Processing step: IDEDistributionItemRemovalStep
2019-07-06 15:23:06 +0000 [MT] Processing step: IDEDistributionAppThinningPlistStep
2019-07-06 15:23:06 +0000 [MT] Skipping step: IDEDistributionAppThinningPlistStep because it said so
2019-07-06 15:23:06 +0000 [MT] Processing step: IDEDistributionCompileBitcodeStep
2019-07-06 15:23:06 +0000 [MT] Skipping step: IDEDistributionCompileBitcodeStep because it said so
2019-07-06 15:23:06 +0000 [MT] Processing step: IDEDistributionCodeSlimmingStep
2019-07-06 15:23:07 +0000 [MT] Processing step: IDEDistributionCopyBCSymbolMapsStep
2019-07-06 15:23:07 +0000 [MT] Processing step: IDEDistributionSymbolsStep
2019-07-06 15:23:07 +0000 [MT] Processing symbols for MiCorazonApp.app
2019-07-06 15:23:07 +0000 [MT] Running /usr/bin/rsync '-8aPhhE' '/var/folders/kl/6zzl36vs0jd_vl5gbjclfhyw0000gq/T/XcodeDistPipeline.~~~o8P1pL/Root/Payload/MiCorazonApp.app' '--link-dest' '/var/folders/kl/6zzl36vs0jd_vl5gbjclfhyw0000gq/T/XcodeDistPipeline.~~~o8P1pL/Root/Payload' '/var/folders/kl/6zzl36vs0jd_vl5gbjclfhyw0000gq/T/XcodeDistPipeline.~~~o8P1pL'
2019-07-06 15:23:07 +0000  building file list ... 
2019-07-06 15:23:07 +0000   0 files...2019-07-06 15:23:07 +0000  72 files to consider
2019-07-06 15:23:07 +0000  MiCorazonApp.app/
2019-07-06 15:23:07 +0000  MiCorazonApp.app/LaunchScreen.storyboardc/
2019-07-06 15:23:07 +0000  MiCorazonApp.app/._LaunchScreen.storyboardc
2019-07-06 15:23:07 +0000           269 100%    0.00kB/s    0:00:00         269 100%    0.00kB/s    0:00:00 (xfer#1, to-check=70/72)
2019-07-06 15:23:07 +0000  MiCorazonApp.app/CoronaResources.bundle/
MiCorazonApp.app/Images.xcassets/
MiCorazonApp.app/Images.xcassets/AppIcon.appiconset/
2019-07-06 15:23:07 +0000  MiCorazonApp.app/LaunchScreen.storyboardc/._01J-lp-oVM-view-Ze5-6b-2t3.nib
2019-07-06 15:23:07 +0000           213 100%  208.01kB/s    0:00:00         213 100%  208.01kB/s    0:00:00 (xfer#2, to-check=10/72)
2019-07-06 15:23:07 +0000  MiCorazonApp.app/LaunchScreen.storyboardc/._Info.plist
2019-07-06 15:23:07 +0000           213 100%  208.01kB/s    0:00:00         213 100%  208.01kB/s    0:00:00 (xfer#3, to-check=9/72)
2019-07-06 15:23:07 +0000  MiCorazonApp.app/LaunchScreen.storyboardc/._UIViewController-01J-lp-oVM.nib
2019-07-06 15:23:07 +0000           213 100%  104.00kB/s    0:00:00         213 100%  104.00kB/s    0:00:00 (xfer#4, to-check=8/72)
2019-07-06 15:23:07 +0000  MiCorazonApp.app/_CodeSignature/
MiCorazonApp.app/en.lproj/
2019-07-06 15:23:07 +0000  
sent 3.12K bytes  received 150 bytes  6.54K bytes/sec
total size is 5.42M  speedup is 1695.79
2019-07-06 15:23:07 +0000 [MT] /usr/bin/rsync exited with 0
2019-07-06 15:23:07 +0000 [MT] Running /usr/bin/rsync '-8aPhhE' '/Users/larpoux/projmac/mi_corazon/corona_plugin/ios/build/MiCorazon.xcarchive/dSYMs/' '--link-dest' '/Users/larpoux/projmac/mi_corazon/corona_plugin/ios/build/MiCorazon.xcarchive/dSYMs/' '/var/folders/kl/6zzl36vs0jd_vl5gbjclfhyw0000gq/T/XcodeDistPipeline.~~~o8P1pL'
2019-07-06 15:23:07 +0000  building file list ... 
2019-07-06 15:23:07 +0000   0 files...2019-07-06 15:23:07 +0000  7 files to consider
2019-07-06 15:23:07 +0000  ./
2019-07-06 15:23:07 +0000  MiCorazonApp.app.dSYM/
MiCorazonApp.app.dSYM/Contents/
rsync: link "/var/folders/kl/6zzl36vs0jd_vl5gbjclfhyw0000gq/T/XcodeDistPipeline.~~~o8P1pL/MiCorazonApp.app.dSYM/Contents/Info.plist" => /Users/larpoux/projmac/mi_corazon/corona_plugin/ios/build/MiCorazon.xcarchive/dSYMs/MiCorazonApp.app.dSYM/Contents/Info.plist failed: Cross-device link (18)
2019-07-06 15:23:07 +0000  MiCorazonApp.app.dSYM/Contents/Info.plist
MiCorazonApp.app.dSYM/Contents/Resources/
MiCorazonApp.app.dSYM/Contents/Resources/DWARF/
rsync: link "/var/folders/kl/6zzl36vs0jd_vl5gbjclfhyw0000gq/T/XcodeDistPipeline.~~~o8P1pL/MiCorazonApp.app.dSYM/Contents/Resources/DWARF/MiCorazonApp" => /Users/larpoux/projmac/mi_corazon/corona_plugin/ios/build/MiCorazon.xcarchive/dSYMs/MiCorazonApp.app.dSYM/Contents/Resources/DWARF/MiCorazonApp failed: Cross-device link (18)
2019-07-06 15:23:07 +0000  MiCorazonApp.app.dSYM/Contents/Resources/DWARF/MiCorazonApp
2019-07-06 15:23:07 +0000  
sent 249 bytes  received 62 bytes  622.00 bytes/sec
total size is 2.26M  speedup is 7612.98
2019-07-06 15:23:07 +0000 [MT] /usr/bin/rsync exited with 0
2019-07-06 15:23:07 +0000 [MT] Running /Applications/Dev/Xcode.app/Contents/Developer/usr/bin/symbols '-noTextInSOD' '-noDaemon' '-arch' 'all' '-symbolsPackageDir' '/var/folders/kl/6zzl36vs0jd_vl5gbjclfhyw0000gq/T/XcodeDistPipeline.~~~o8P1pL/Symbols' '/var/folders/kl/6zzl36vs0jd_vl5gbjclfhyw0000gq/T/XcodeDistPipeline.~~~o8P1pL/MiCorazonApp.app.dSYM/Contents/Resources/Dwarf/MiCorazonApp'
2019-07-06 15:23:12 +0000  /var/folders/kl/6zzl36vs0jd_vl5gbjclfhyw0000gq/T/XcodeDistPipeline.~~~o8P1pL/MiCorazonApp.app.dSYM/Contents/Resources/Dwarf/MiCorazonApp [armv7, 0.056678 seconds]:
/var/folders/kl/6zzl36vs0jd_vl5gbjclfhyw0000gq/T/XcodeDistPipeline.~~~o8P1pL/MiCorazonApp.app.dSYM/Contents/Resources/Dwarf/MiCorazonApp [arm64, 0.056678 seconds]:
2019-07-06 15:23:12 +0000 [MT] /Applications/Dev/Xcode.app/Contents/Developer/usr/bin/symbols exited with 0
2019-07-06 15:23:12 +0000 [MT] Processing step: IDEDistributionCopyAppleProvidedContentStep
2019-07-06 15:23:12 +0000 [MT] Processing step: IDEDistributionAppThinningStep
2019-07-06 15:23:12 +0000 [MT] Skipping step: IDEDistributionAppThinningStep because it said so
2019-07-06 15:23:12 +0000 [MT] Processing step: IDEDistributionArchThinningStep
2019-07-06 15:23:12 +0000 [MT] Running /Applications/Dev/Xcode.app/Contents/Developer/Toolchains/XcodeDefault.xctoolchain/usr/bin/lipo '/var/folders/kl/6zzl36vs0jd_vl5gbjclfhyw0000gq/T/XcodeDistPipeline.~~~o8P1pL/Root/Payload/MiCorazonApp.app/MiCorazonApp' '-verify_arch' 'arm64e'
2019-07-06 15:23:12 +0000 [MT] /Applications/Dev/Xcode.app/Contents/Developer/Toolchains/XcodeDefault.xctoolchain/usr/bin/lipo exited with 1
2019-07-06 15:23:12 +0000 [MT] Skipping architecture thinning for item "MiCorazonApp" because arch "arm64e" wasn't found
2019-07-06 15:23:12 +0000 [MT] Processing step: IDEDistributionODRStep
2019-07-06 15:23:12 +0000 [MT] Processing step: IDEDistributionStripXattrsStep
2019-07-06 15:23:12 +0000 [MT] Running /usr/bin/xattr '-crs' '/var/folders/kl/6zzl36vs0jd_vl5gbjclfhyw0000gq/T/XcodeDistPipeline.~~~o8P1pL/Root/Payload/MiCorazonApp.app'
2019-07-06 15:23:12 +0000 [MT] /usr/bin/xattr exited with 0
2019-07-06 15:23:12 +0000 [MT] Processing step: IDEDistributionCodesignStep
2019-07-06 15:23:12 +0000 [MT] Entitlements for <IDEDistributionItem: 0x7f9b3ef53330 'xyz.canardoux.micorazon' '<DVTFilePath:0x7f9b3f1214e0:'/Users/larpoux/projmac/mi_corazon/corona_plugin/ios/build/MiCorazon.xcarchive/Products/Applications/MiCorazonApp.app'>'>: {
    "application-identifier" = "5YY4QLF92X.xyz.canardoux.micorazon";
    "beta-reports-active" = 1;
    "com.apple.developer.team-identifier" = 5YY4QLF92X;
    "get-task-allow" = 0;
    "keychain-access-groups" =     (
        "5YY4QLF92X.xyz.canardoux.micorazon"
    );
}
2019-07-06 15:23:12 +0000 [MT] Writing entitlements for <IDEDistributionItem: 0x7f9b3ef53330 'xyz.canardoux.micorazon' '<DVTFilePath:0x7f9b3f1214e0:'/Users/larpoux/projmac/mi_corazon/corona_plugin/ios/build/MiCorazon.xcarchive/Products/Applications/MiCorazonApp.app'>'> to: /var/folders/kl/6zzl36vs0jd_vl5gbjclfhyw0000gq/T/XcodeDistPipeline.~~~o8P1pL/entitlements~~~lfQL93
2019-07-06 15:23:12 +0000 [MT] Running /usr/bin/codesign '-vvv' '--force' '--sign' '4FCA8252A95AA5D3DB5627F418A4D4820E448286' '--entitlements' '/var/folders/kl/6zzl36vs0jd_vl5gbjclfhyw0000gq/T/XcodeDistPipeline.~~~o8P1pL/entitlements~~~lfQL93' '--preserve-metadata=identifier,flags,runtime' '/var/folders/kl/6zzl36vs0jd_vl5gbjclfhyw0000gq/T/XcodeDistPipeline.~~~o8P1pL/Root/Payload/MiCorazonApp.app'
2019-07-06 15:23:12 +0000  /var/folders/kl/6zzl36vs0jd_vl5gbjclfhyw0000gq/T/XcodeDistPipeline.~~~o8P1pL/Root/Payload/MiCorazonApp.app: replacing existing signature
2019-07-06 15:23:12 +0000  /var/folders/kl/6zzl36vs0jd_vl5gbjclfhyw0000gq/T/XcodeDistPipeline.~~~o8P1pL/Root/Payload/MiCorazonApp.app: signed app bundle with Mach-O universal (armv7 arm64) [xyz.canardoux.micorazon]
2019-07-06 15:23:12 +0000  
2019-07-06 15:23:12 +0000 [MT] /usr/bin/codesign exited with 0
2019-07-06 15:23:12 +0000 [MT] Processing step: IDEDistributionZipODRItemStep
2019-07-06 15:23:12 +0000 [MT] Skipping step: IDEDistributionZipODRItemStep because it said so
2019-07-06 15:23:12 +0000 [MT] Processing step: IDEDistributionCreateIPAStep
2019-07-06 15:23:12 +0000 [MT] Running /usr/bin/rsync '-8aPhhE' '/var/folders/kl/6zzl36vs0jd_vl5gbjclfhyw0000gq/T/XcodeDistPipeline.~~~o8P1pL/Symbols' '--link-dest' '/var/folders/kl/6zzl36vs0jd_vl5gbjclfhyw0000gq/T/XcodeDistPipeline.~~~o8P1pL' '/var/folders/kl/6zzl36vs0jd_vl5gbjclfhyw0000gq/T/XcodeDistPipeline.~~~o8P1pL/Root'
2019-07-06 15:23:12 +0000  building file list ... 
2019-07-06 15:23:12 +0000   0 files...2019-07-06 15:23:12 +0000  3 files to consider
2019-07-06 15:23:12 +0000  Symbols/
2019-07-06 15:23:12 +0000  
sent 196 bytes  received 26 bytes  444.00 bytes/sec
total size is 2.44M  speedup is 11513.80
2019-07-06 15:23:12 +0000 [MT] /usr/bin/rsync exited with 0
2019-07-06 15:23:12 +0000 [MT] Running /usr/bin/ditto '-V' '-c' '-k' '--norsrc' '/var/folders/kl/6zzl36vs0jd_vl5gbjclfhyw0000gq/T/XcodeDistPipeline.~~~o8P1pL/Root' '/var/folders/kl/6zzl36vs0jd_vl5gbjclfhyw0000gq/T/XcodeDistPipeline.~~~o8P1pL/Packages/MiCorazonApp.ipa'
2019-07-06 15:23:12 +0000  >>> Copying /var/folders/kl/6zzl36vs0jd_vl5gbjclfhyw0000gq/T/XcodeDistPipeline.~~~o8P1pL/Root 
2019-07-06 15:23:12 +0000  copying file ./Payload/MiCorazonApp.app/_CodeSignature/CodeResources ... 
2019-07-06 15:23:12 +0000  20834 bytes for ./Payload/MiCorazonApp.app/_CodeSignature/CodeResources
2019-07-06 15:23:12 +0000  copying file ./Payload/MiCorazonApp.app/_CoronaSplashScreen.png ... 
2019-07-06 15:23:12 +0000  20329 bytes for ./Payload/MiCorazonApp.app/_CoronaSplashScreen.png
2019-07-06 15:23:12 +0000  copying file ./Payload/MiCorazonApp.app/Icon-xxhdpi.png ... 
1928 bytes for ./Payload/MiCorazonApp.app/Icon-xxhdpi.png
2019-07-06 15:23:12 +0000  copying file ./Payload/MiCorazonApp.app/AppIcon20x20@2x.png ... 
608 bytes for ./Payload/MiCorazonApp.app/AppIcon20x20@2x.png
copying file ./Payload/MiCorazonApp.app/Icon.png ... 
2019-07-06 15:23:12 +0000  583 bytes for ./Payload/MiCorazonApp.app/Icon.png
copying file ./Payload/MiCorazonApp.app/en.lproj/MiCorazonInfoPlist.strings ... 
2019-07-06 15:23:12 +0000  42 bytes for ./Payload/MiCorazonApp.app/en.lproj/MiCorazonInfoPlist.strings
copying file ./Payload/MiCorazonApp.app/MainWindow.nib ... 
2019-07-06 15:23:12 +0000  1008 bytes for ./Payload/MiCorazonApp.app/MainWindow.nib
copying file ./Payload/MiCorazonApp.app/MiCorazonApp ... 
2019-07-06 15:23:12 +0000  4642016 bytes for ./Payload/MiCorazonApp.app/MiCorazonApp
2019-07-06 15:23:12 +0000  copying file ./Payload/MiCorazonApp.app/Icon-mdpi.png ... 
534 bytes for ./Payload/MiCorazonApp.app/Icon-mdpi.png
copying file ./Payload/MiCorazonApp.app/AppIcon60x60@2x.png ... 
2055 bytes for ./Payload/MiCorazonApp.app/AppIcon60x60@2x.png
copying file ./Payload/MiCorazonApp.app/AppIcon29x29@2x.png ... 
919 bytes for ./Payload/MiCorazonApp.app/AppIcon29x29@2x.png
copying file ./Payload/MiCorazonApp.app/Icon-xhdpi.png ... 
1149 bytes for ./Payload/MiCorazonApp.app/Icon-xhdpi.png
copying file ./Payload/MiCorazonApp.app/AppIcon40x40@2x.png ... 
1429 bytes for ./Payload/MiCorazonApp.app/AppIcon40x40@2x.png
copying file ./Payload/MiCorazonApp.app/AppIcon29x29@3x.png ... 
1601 bytes for ./Payload/MiCorazonApp.app/AppIcon29x29@3x.png
copying file ./Payload/MiCorazonApp.app/AppIcon60x60@3x.png ... 
3292 bytes for ./Payload/MiCorazonApp.app/AppIcon60x60@3x.png
copying file ./Payload/MiCorazonApp.app/Assets.car ... 
2019-07-06 15:23:12 +0000  236520 bytes for ./Payload/MiCorazonApp.app/Assets.car
2019-07-06 15:23:12 +0000  copying file ./Payload/MiCorazonApp.app/AppIcon76x76@2x~ipad.png ... 
2805 bytes for ./Payload/MiCorazonApp.app/AppIcon76x76@2x~ipad.png
copying file ./Payload/MiCorazonApp.app/Icon-ldpi.png ... 
2019-07-06 15:23:12 +0000  425 bytes for ./Payload/MiCorazonApp.app/Icon-ldpi.png
copying file ./Payload/MiCorazonApp.app/AppIcon83.5x83.5@2x~ipad.png ... 
2019-07-06 15:23:12 +0000  2902 bytes for ./Payload/MiCorazonApp.app/AppIcon83.5x83.5@2x~ipad.png
2019-07-06 15:23:12 +0000  copying file ./Payload/MiCorazonApp.app/Images.xcassets/AppIcon.appiconset/Icon-120.png ... 
2055 bytes for ./Payload/MiCorazonApp.app/Images.xcassets/AppIcon.appiconset/Icon-120.png
copying file ./Payload/MiCorazonApp.app/Images.xcassets/AppIcon.appiconset/Icon-76.png ... 
2019-07-06 15:23:12 +0000  1376 bytes for ./Payload/MiCorazonApp.app/Images.xcassets/AppIcon.appiconset/Icon-76.png
copying file ./Payload/MiCorazonApp.app/Images.xcassets/AppIcon.appiconset/Icon-1024.png ... 
2019-07-06 15:23:12 +0000  24523 bytes for ./Payload/MiCorazonApp.app/Images.xcassets/AppIcon.appiconset/Icon-1024.png
2019-07-06 15:23:12 +0000  copying file ./Payload/MiCorazonApp.app/Images.xcassets/AppIcon.appiconset/Icon-152.png ... 
2805 bytes for ./Payload/MiCorazonApp.app/Images.xcassets/AppIcon.appiconset/Icon-152.png
copying file ./Payload/MiCorazonApp.app/Images.xcassets/AppIcon.appiconset/Icon-180.png ... 
2019-07-06 15:23:12 +0000  3292 bytes for ./Payload/MiCorazonApp.app/Images.xcassets/AppIcon.appiconset/Icon-180.png
copying file ./Payload/MiCorazonApp.app/Images.xcassets/AppIcon.appiconset/Icon-58.png ... 
2019-07-06 15:23:12 +0000  919 bytes for ./Payload/MiCorazonApp.app/Images.xcassets/AppIcon.appiconset/Icon-58.png
copying file ./Payload/MiCorazonApp.app/Images.xcassets/AppIcon.appiconset/Icon-80.png ... 
1429 bytes for ./Payload/MiCorazonApp.app/Images.xcassets/AppIcon.appiconset/Icon-80.png
2019-07-06 15:23:12 +0000  copying file ./Payload/MiCorazonApp.app/Images.xcassets/AppIcon.appiconset/Icon-167.png ... 
2902 bytes for ./Payload/MiCorazonApp.app/Images.xcassets/AppIcon.appiconset/Icon-167.png
copying file ./Payload/MiCorazonApp.app/Images.xcassets/AppIcon.appiconset/Icon-40.png ... 
2019-07-06 15:23:12 +0000  608 bytes for ./Payload/MiCorazonApp.app/Images.xcassets/AppIcon.appiconset/Icon-40.png
copying file ./Payload/MiCorazonApp.app/Images.xcassets/AppIcon.appiconset/Icon-87.png ... 
2019-07-06 15:23:12 +0000  1601 bytes for ./Payload/MiCorazonApp.app/Images.xcassets/AppIcon.appiconset/Icon-87.png
copying file ./Payload/MiCorazonApp.app/Images.xcassets/AppIcon.appiconset/Contents.json ... 
2043 bytes for ./Payload/MiCorazonApp.app/Images.xcassets/AppIcon.appiconset/Contents.json
copying file ./Payload/MiCorazonApp.app/Images.xcassets/Contents.json ... 
2019-07-06 15:23:12 +0000  67 bytes for ./Payload/MiCorazonApp.app/Images.xcassets/Contents.json
copying file ./Payload/MiCorazonApp.app/resource.corona-archive ... 
2019-07-06 15:23:12 +0000  7468 bytes for ./Payload/MiCorazonApp.app/resource.corona-archive
2019-07-06 15:23:12 +0000  copying file ./Payload/MiCorazonApp.app/Icon-xxxhdpi.png ... 
2526 bytes for ./Payload/MiCorazonApp.app/Icon-xxxhdpi.png
copying file ./Payload/MiCorazonApp.app/LaunchScreen.storyboardc/01J-lp-oVM-view-Ze5-6b-2t3.nib ... 
2019-07-06 15:23:12 +0000  1792 bytes for ./Payload/MiCorazonApp.app/LaunchScreen.storyboardc/01J-lp-oVM-view-Ze5-6b-2t3.nib
copying file ./Payload/MiCorazonApp.app/LaunchScreen.storyboardc/designable.storyboard ... 
2019-07-06 15:23:12 +0000  1903 bytes for ./Payload/MiCorazonApp.app/LaunchScreen.storyboardc/designable.storyboard
copying file ./Payload/MiCorazonApp.app/LaunchScreen.storyboardc/UIViewController-01J-lp-oVM.nib ... 
832 bytes for ./Payload/MiCorazonApp.app/LaunchScreen.storyboardc/UIViewController-01J-lp-oVM.nib
2019-07-06 15:23:12 +0000  copying file ./Payload/MiCorazonApp.app/LaunchScreen.storyboardc/Info.plist ... 
258 bytes for ./Payload/MiCorazonApp.app/LaunchScreen.storyboardc/Info.plist
copying file ./Payload/MiCorazonApp.app/Icon-hdpi.png ... 
2019-07-06 15:23:12 +0000  983 bytes for ./Payload/MiCorazonApp.app/Icon-hdpi.png
copying file ./Payload/MiCorazonApp.app/MainWindow-iPad.nib ... 
2019-07-06 15:23:12 +0000  1008 bytes for ./Payload/MiCorazonApp.app/MainWindow-iPad.nib
copying file ./Payload/MiCorazonApp.app/CoronaResources.bundle/widget_theme_ios.png ... 
2019-07-06 15:23:12 +0000  36451 bytes for ./Payload/MiCorazonApp.app/CoronaResources.bundle/widget_theme_ios.png
2019-07-06 15:23:12 +0000  copying file ./Payload/MiCorazonApp.app/CoronaResources.bundle/widget_theme_android_holo_dark@2x.png ... 
2019-07-06 15:23:12 +0000  22692 bytes for ./Payload/MiCorazonApp.app/CoronaResources.bundle/widget_theme_android_holo_dark@2x.png
copying file ./Payload/MiCorazonApp.app/CoronaResources.bundle/widget_theme_android_holo_dark.png ... 
2019-07-06 15:23:12 +0000  9658 bytes for ./Payload/MiCorazonApp.app/CoronaResources.bundle/widget_theme_android_holo_dark.png
2019-07-06 15:23:12 +0000  copying file ./Payload/MiCorazonApp.app/CoronaResources.bundle/widget_theme_ios7.png ... 
2019-07-06 15:23:12 +0000  17581 bytes for ./Payload/MiCorazonApp.app/CoronaResources.bundle/widget_theme_ios7.png
2019-07-06 15:23:12 +0000  copying file ./Payload/MiCorazonApp.app/CoronaResources.bundle/widget_theme_android_holo_dark@4x.png ... 
2019-07-06 15:23:12 +0000  55806 bytes for ./Payload/MiCorazonApp.app/CoronaResources.bundle/widget_theme_android_holo_dark@4x.png
2019-07-06 15:23:12 +0000  copying file ./Payload/MiCorazonApp.app/CoronaResources.bundle/widget_theme_android_holo_light.png ... 
2019-07-06 15:23:12 +0000  9692 bytes for ./Payload/MiCorazonApp.app/CoronaResources.bundle/widget_theme_android_holo_light.png
copying file ./Payload/MiCorazonApp.app/CoronaResources.bundle/widget_theme_android_holo_light@2x.png ... 
2019-07-06 15:23:12 +0000  23099 bytes for ./Payload/MiCorazonApp.app/CoronaResources.bundle/widget_theme_android_holo_light@2x.png
copying file ./Payload/MiCorazonApp.app/CoronaResources.bundle/widget_theme_android@2x.png ... 
2019-07-06 15:23:12 +0000  58732 bytes for ./Payload/MiCorazonApp.app/CoronaResources.bundle/widget_theme_android@2x.png
copying file ./Payload/MiCorazonApp.app/CoronaResources.bundle/widget_theme_ios7@4x.png ... 
2019-07-06 15:23:12 +0000  145505 bytes for ./Payload/MiCorazonApp.app/CoronaResources.bundle/widget_theme_ios7@4x.png
copying file ./Payload/MiCorazonApp.app/CoronaResources.bundle/widget_theme_onOff_mask_android_holo.png ... 
2019-07-06 15:23:12 +0000  144 bytes for ./Payload/MiCorazonApp.app/CoronaResources.bundle/widget_theme_onOff_mask_android_holo.png
copying file ./Payload/MiCorazonApp.app/CoronaResources.bundle/widget_theme_android.png ... 
2019-07-06 15:23:12 +0000  25930 bytes for ./Payload/MiCorazonApp.app/CoronaResources.bundle/widget_theme_android.png
copying file ./Payload/MiCorazonApp.app/CoronaResources.bundle/widget_theme_pickerWheel_mask.png ... 
2019-07-06 15:23:12 +0000  865 bytes for ./Payload/MiCorazonApp.app/CoronaResources.bundle/widget_theme_pickerWheel_mask.png
copying file ./Payload/MiCorazonApp.app/CoronaResources.bundle/widget_theme_android_holo_light@4x.png ... 
2019-07-06 15:23:12 +0000  55656 bytes for ./Payload/MiCorazonApp.app/CoronaResources.bundle/widget_theme_android_holo_light@4x.png
copying file ./Payload/MiCorazonApp.app/CoronaResources.bundle/widget_theme_ios@2x.png ... 
2019-07-06 15:23:12 +0000  79620 bytes for ./Payload/MiCorazonApp.app/CoronaResources.bundle/widget_theme_ios@2x.png
copying file ./Payload/MiCorazonApp.app/CoronaResources.bundle/widget_theme_onOff_mask.png ... 
2019-07-06 15:23:12 +0000  608 bytes for ./Payload/MiCorazonApp.app/CoronaResources.bundle/widget_theme_onOff_mask.png
copying file ./Payload/MiCorazonApp.app/CoronaResources.bundle/widget_theme_ios7@2x.png ... 
2019-07-06 15:23:12 +0000  50866 bytes for ./Payload/MiCorazonApp.app/CoronaResources.bundle/widget_theme_ios7@2x.png
copying file ./Payload/MiCorazonApp.app/CoronaResources.bundle/Info.plist ... 
2019-07-06 15:23:12 +0000  1105 bytes for ./Payload/MiCorazonApp.app/CoronaResources.bundle/Info.plist
copying file ./Payload/MiCorazonApp.app/embedded.mobileprovision ... 
2019-07-06 15:23:12 +0000  7659 bytes for ./Payload/MiCorazonApp.app/embedded.mobileprovision
copying file ./Payload/MiCorazonApp.app/Corona3rdPartyLicenses.txt ... 
2019-07-06 15:23:12 +0000  74639 bytes for ./Payload/MiCorazonApp.app/Corona3rdPartyLicenses.txt
copying file ./Payload/MiCorazonApp.app/Info.plist ... 
2019-07-06 15:23:12 +0000  1893 bytes for ./Payload/MiCorazonApp.app/Info.plist
copying file ./Payload/MiCorazonApp.app/PkgInfo ... 
8 bytes for ./Payload/MiCorazonApp.app/PkgInfo
2019-07-06 15:23:12 +0000  copying file ./Payload/MiCorazonApp.app/AppIcon76x76~ipad.png ... 
1376 bytes for ./Payload/MiCorazonApp.app/AppIcon76x76~ipad.png
copying file ./Symbols/69C26EAE-1432-39FE-BE44-C30F887DD103.symbols ... 
2019-07-06 15:23:12 +0000  1268960 bytes for ./Symbols/69C26EAE-1432-39FE-BE44-C30F887DD103.symbols
2019-07-06 15:23:12 +0000  copying file ./Symbols/D61872AE-BFB6-346D-A474-7DA60EA0AC57.symbols ... 
2019-07-06 15:23:12 +0000  1287104 bytes for ./Symbols/D61872AE-BFB6-346D-A474-7DA60EA0AC57.symbols
2019-07-06 15:23:12 +0000 [MT] /usr/bin/ditto exited with 0
2019-07-06 15:23:12 +0000 [MT] Processing step: IDEDistributionAppStoreInformationStep
2019-07-06 15:23:12 +0000 [MT] Skipping step: IDEDistributionAppStoreInformationStep because it said so
2019-07-06 15:23:12 +0000 [MT] Processing step: IDEDistributionCreateManifestStep
2019-07-06 15:23:12 +0000 [MT] Skipping step: IDEDistributionCreateManifestStep because it said so
